C51 COMPILER V9.57.0.0   AT_GUANGMING                                                      01/23/2018 15:09:38 PAGE 1   


C51 COMPILER V9.57.0.0, COMPILATION OF MODULE AT_GUANGMING
OBJECT MODULE PLACED IN .\Objects\AT_guangming.obj
COMPILER INVOKED BY: C:\Keil_v5\C51\BIN\C51.EXE AT_guangming.c OPTIMIZE(8,SPEED) BROWSE DEBUG OBJECTEXTEND PRINT(.\Listi
                    -ngs\AT_guangming.lst) TABS(2) OBJECT(.\Objects\AT_guangming.obj)

line level    source

   1          #include <regx52.h>
   2          #include "IIC.h"
   3          unsigned char code tab[] = {0xc0,0xf9,0xa4,0xb0,0x99,0x92,0x82,0xf8,0x80,0x90,0xff,0xbf,0xc1};
   4          unsigned char dsbuff[]={10,10,10,10,10,10,10,10};
   5          unsigned char dscom=0;
   6          
   7          void close_buzz()
   8          {
   9   1          P2=(P2&0x1f)|0xa0;
  10   1          P0 &=0xbf;
  11   1          P2=P2&0x1f;
  12   1      }
  13          
  14          
  15          void open_buzz()
  16          {
  17   1          P2=(P2&0x1f)|0xa0;
  18   1          P0 |=0x40;
  19   1          P2=P2&0x1f;
  20   1      }
  21          
  22          void close_jidianqi()
  23          {
  24   1        P2=(P2&0x1f)|0xa0;
  25   1        P0 &=0xef;
  26   1        P2=P2&0x1f;
  27   1      }
  28          
  29          
  30          void open_jidianqi()
  31          {
  32   1        P2=(P2&0x1f)|0xa0;
  33   1        P0 |=0x10;
  34   1        P2=P2&0x1f;
  35   1      }
  36          void init_smg()
  37          {
  38   1        TMOD|=0x01;
  39   1        TH0 = (65535-2000)/256;
  40   1        TL0 = (65535-2000)%256;
  41   1        ET0=1;
  42   1        EA=1;
  43   1        TR0=1;
  44   1      }
  45          
  46          void display()
  47          {
  48   1        P2=(P2&0x1f)|0xe0;
  49   1        P0=0xff;
  50   1        P2=P2&0x1f;
  51   1      
  52   1        P2=(P2&0x1f)|0xc0;
  53   1        P0=1<<dscom;
  54   1        P2=P2&0x1f;
C51 COMPILER V9.57.0.0   AT_GUANGMING                                                      01/23/2018 15:09:38 PAGE 2   

  55   1      
  56   1        P2=(P2&0x1f)|0xe0;
  57   1        P0=tab[dsbuff[dscom]];
  58   1        if(dscom==5)
  59   1        {
  60   2          P0=P0&0x7f;
  61   2        }
  62   1        P2=P2&0x1f;
  63   1      
  64   1        if(++dscom==8)
  65   1        {
  66   2          dscom=0;
  67   2        }
  68   1      }
  69          
  70          void smg_initerrupt() interrupt 1
  71          {
  72   1        TH0 = (65535-2000)/256;
  73   1        TL0 = (65535-2000)%256;
  74   1        display();
  75   1      }
  76          
  77          //void delay(int n)
  78          //{
  79          //    char z=110;
  80          //    while(n--)
  81          //    for(z=0;z<110;z++);
  82          //}
  83          
  84          void Delay500ms()   //@11.0592MHz
  85          {
  86   1        unsigned char i, j, k;
  87   1        i = 22;
  88   1        j = 3;
  89   1        k = 227;
  90   1        do
  91   1        {
  92   2          do
  93   2          {
  94   3            while (--k);
  95   3          } while (--j);
  96   2        } while (--i);
  97   1      }
  98          
  99          
 100          void Delay50ms()    //@11.0592MHz
 101          {
 102   1        unsigned char i, j, k;
 103   1      
 104   1        i = 3;
 105   1        j = 207;
 106   1        k = 28;
 107   1        do
 108   1        {
 109   2          do
 110   2          {
 111   3            while (--k);
 112   3          } while (--j);
 113   2        } while (--i);
 114   1      }
 115          
 116          
C51 COMPILER V9.57.0.0   AT_GUANGMING                                                      01/23/2018 15:09:38 PAGE 3   

 117          
 118          // void ad_write_byte(unsigned char deviceaddr, unsigned char num)
 119          // {
 120          //  IIC_Start();
 121          //  IIC_SendByte(deviceaddr);
 122          //  IIC_WaitAck();
 123          //  IIC_SendByte(0x40);
 124          //  IIC_WaitAck();
 125          //  IIC_SendByte(num);
 126          //  IIC_WaitAck();
 127          //  IIC_Stop();
 128          // }
 129          
 130          unsigned char ad_read_byte(unsigned char device_addr,unsigned char channel)
 131          {
 132   1        unsigned char adc_value;
 133   1        IIC_Start();
 134   1        IIC_SendByte(device_addr);
 135   1        IIC_WaitAck();
 136   1        IIC_SendByte(channel);
 137   1        IIC_WaitAck();
 138   1        IIC_Stop();
 139   1      
 140   1        IIC_Start();
 141   1        IIC_SendByte(device_addr+1);
 142   1        IIC_WaitAck();
 143   1        adc_value = IIC_RecByte();
 144   1        IIC_Ack(0);
 145   1        IIC_Stop();
 146   1        return adc_value;
 147   1      }
 148          
 149          void displaydata()
 150          {
 151   1        float nums;
 152   1        int num;
 153   1        num = ad_read_byte(0x90,3);
 154   1        nums = ad_read_byte(0x90,3) * 5 / 256;
 155   1        num = nums *100;
 156   1        
 157   1      //  int num=ad_read_byte(0x90,1);
 158   1      //  num=ad_read_byte(0x90,1);
 159   1        
 160   1        dsbuff[4]=(num>=1000) ? (num/1000):10;   num=num%1000;
 161   1        dsbuff[5]=(num>=100) ? (num/100):0;     num=num%100;
 162   1        dsbuff[6]=(num>=10) ? (num/10):0;       num=num%10;
 163   1        dsbuff[7]=num%10;
 164   1      }
 165          
 166          
 167          void baojing()
 168          {
 169   1          open_buzz();
 170   1          open_jidianqi();
 171   1          Delay50ms();  
 172   1          close_jidianqi();
 173   1      }
 174          
 175          
 176          void test_guangmin()
 177          {
 178   1        unsigned char zhi=ad_read_byte(0x90,1);
C51 COMPILER V9.57.0.0   AT_GUANGMING                                                      01/23/2018 15:09:38 PAGE 4   

 179   1        zhi=ad_read_byte(0x90,1);
 180   1        if(zhi<60)
 181   1        {
 182   2          baojing();
 183   2        }
 184   1        else 
 185   1        {
 186   2           close_buzz();
 187   2           close_jidianqi();
 188   2        }
 189   1      }
 190          
 191          void main()
 192          {
 193   1        close_buzz();
 194   1        init_smg();
 195   1        close_jidianqi();
 196   1        // ad_write_byte(0x90,200);
 197   1        dsbuff[0]=12; 
 198   1        while(1)
 199   1        {
 200   2           displaydata();
 201   2           test_guangmin();
 202   2           Delay500ms();
 203   2        }
 204   1      }


MODULE INFORMATION:   STATIC OVERLAYABLE
   CODE SIZE        =    558    ----
   CONSTANT SIZE    =     13    ----
   XDATA SIZE       =   ----    ----
   PDATA SIZE       =   ----    ----
   DATA SIZE        =      9       7
   IDATA SIZE       =   ----    ----
   BIT SIZE         =   ----    ----
END OF MODULE INFORMATION.


C51 COMPILATION COMPLETE.  0 WARNING(S),  0 ERROR(S)
