C51 COMPILER V9.57.0.0   LED                                                               01/19/2018 11:19:51 PAGE 1   


C51 COMPILER V9.57.0.0, COMPILATION OF MODULE LED
OBJECT MODULE PLACED IN .\Objects\led.obj
COMPILER INVOKED BY: C:\Keil_v5\C51\BIN\C51.EXE led.c OPTIMIZE(8,SPEED) BROWSE DEBUG OBJECTEXTEND PRINT(.\Listings\led.l
                    -st) TABS(2) OBJECT(.\Objects\led.obj)

line level    source

   1          #include<reg52.h>
   2          unsigned char code tab[]={0x7f,0xbf,0xDF,0xEF,0xf7,0xfb,0xfd,0xfe,0xff,0xfe,0xfd,0xfb,0xf7,0xEF,0xDF,0xbf,
             -0x7f,0xff,0xe7,0xdb,0xbd,0x7e,0xff,0x7e,0xbd,0xdb,0xe7,0xff}; 
   3          void close_buzz()
   4          {
   5   1        P2=(P2&0x1f)|0xa0;        //choose  Y5
   6   1        P0= 0x00;                 //close   buzz
   7   1        P2=P2&0x1f;               //close   Y5
   8   1      }
   9          
  10          
  11          void Delay500ms()   //@11.0592MHz
  12          {
  13   1        unsigned char i, j, k;
  14   1        i = 22;
  15   1        j = 3;
  16   1        k = 227;
  17   1        do
  18   1        {
  19   2          do
  20   2          {
  21   3            while (--k);
  22   3          } while (--j);
  23   2        } while (--i);
  24   1      }
  25          
  26          
  27          void led_1()
  28          {
  29   1        unsigned char i;
  30   1        P2=(P2&0x1f)|0x80;        //choose   Y4
  31   1        for(i=0;i<28;i++)
  32   1        {
  33   2          P0= tab[i];
  34   2          Delay500ms();
  35   2        }
  36   1        P2=P2&0x1f;               //close    Y5
  37   1      }
  38          
  39          
  40          
  41          void main()
  42          {
  43   1        close_buzz();
  44   1        led_1();
  45   1      }


MODULE INFORMATION:   STATIC OVERLAYABLE
   CODE SIZE        =     62    ----
   CONSTANT SIZE    =     28    ----
   XDATA SIZE       =   ----    ----
   PDATA SIZE       =   ----    ----
   DATA SIZE        =   ----    ----
C51 COMPILER V9.57.0.0   LED                                                               01/19/2018 11:19:51 PAGE 2   

   IDATA SIZE       =   ----    ----
   BIT SIZE         =   ----    ----
END OF MODULE INFORMATION.


C51 COMPILATION COMPLETE.  0 WARNING(S),  0 ERROR(S)
