C51 COMPILER V9.57.0.0   PWM                                                               01/22/2018 15:50:41 PAGE 1   


C51 COMPILER V9.57.0.0, COMPILATION OF MODULE PWM
OBJECT MODULE PLACED IN .\Objects\PWM.obj
COMPILER INVOKED BY: C:\Keil_v5\C51\BIN\C51.EXE PWM.c OPTIMIZE(8,SPEED) BROWSE DEBUG OBJECTEXTEND PRINT(.\Listings\PWM.l
                    -st) TABS(2) OBJECT(.\Objects\PWM.obj)

line level    source

   1          #include<regx52.h>
   2          sbit PWM=P3^4;
   3          unsigned char count=0;
   4          void close_buzz()
   5          {
   6   1        P2=(P2&0x1f)|0xa0;        //choose  Y5
   7   1        P0= 0x00;                 //close   buzz
   8   1        P2=P2&0x1f;               //close   Y5
   9   1      }
  10          
  11          void time0_init()
  12          {
  13   1        TMOD |= 0x01;
  14   1        TH0=(65535-10)/256;
  15   1        TL0=(65535-10)%256;
  16   1        ET0=1;
  17   1        EA=1;
  18   1        TR0=1;
  19   1      }
  20          
  21          void time0_interrupt() interrupt 1
  22          {
  23   1        TH0=(65535-10)/256;
  24   1        TL0=(65535-10)%256;
  25   1        count++;
  26   1        if(count>=100) count=0;
  27   1        if(count<=30) PWM=1;
  28   1        else PWM=0;
  29   1      }
  30          
  31          void main()
  32          {
  33   1        close_buzz();
  34   1        time0_init();
  35   1        while(1)
  36   1        {}
  37   1      }


MODULE INFORMATION:   STATIC OVERLAYABLE
   CODE SIZE        =     79    ----
   CONSTANT SIZE    =   ----    ----
   XDATA SIZE       =   ----    ----
   PDATA SIZE       =   ----    ----
   DATA SIZE        =      1    ----
   IDATA SIZE       =   ----    ----
   BIT SIZE         =   ----    ----
END OF MODULE INFORMATION.


C51 COMPILATION COMPLETE.  0 WARNING(S),  0 ERROR(S)
