C51 COMPILER V9.57.0.0   TIME_1                                                            01/22/2018 11:54:15 PAGE 1   


C51 COMPILER V9.57.0.0, COMPILATION OF MODULE TIME_1
OBJECT MODULE PLACED IN .\Objects\time_1.obj
COMPILER INVOKED BY: C:\Keil_v5\C51\BIN\C51.EXE time_1.c OPTIMIZE(8,SPEED) BROWSE DEBUG OBJECTEXTEND PRINT(.\Listings\ti
                    -me_1.lst) TABS(2) OBJECT(.\Objects\time_1.obj)

line level    source

   1          #include"EEPROM.h"
   2          
   3          unsigned char code tab[] = {0xc0,0xf9,0xa4,0xb0,0x99,0x92,0x82,0xf8,0x80,0x90,0xff,0xbf};
   4          unsigned char dsbuff[]={10,10,10,10,10,10,10,10};
   5          unsigned char dscom=0;
   6          unsigned char com;
   7          void buzz()
   8          {
   9   1          P2=(P2&0x1f)|0xa0;
  10   1          P0=0x00;
  11   1          P2=P2&0x1f;
  12   1      }
  13          
  14          void init_smg()
  15          {
  16   1        TMOD|=0x01;
  17   1        TH0 = (65535-2000)/256;
  18   1        TL0 = (65535-2000)%256;
  19   1        ET0=1;
  20   1        EA=1;
  21   1        TR0=1;
  22   1      }
  23          
  24          void display()
  25          {
  26   1        P2=(P2&0x1f)|0xe0;
  27   1        P0=0xff;
  28   1        P2=P2&0x1f;
  29   1      
  30   1        P2=(P2&0x1f)|0xc0;
  31   1        P0=1<<dscom;
  32   1        P2=P2&0x1f;
  33   1      
  34   1        P2=(P2&0x1f)|0xe0;
  35   1        P0=tab[dsbuff[dscom]];
  36   1        P2=P2&0x1f;
  37   1      
  38   1        if(++dscom==8)
  39   1        {
  40   2          dscom=0;
  41   2        }
  42   1      }
  43          
  44          void kai_com()  //开机计数函数
  45          {
  46   1         com=read_eeprom(0x00);//从0x00地址读取数据
  47   1         dsbuff[6]=com/10%10; //数码管显示2位
  48   1         dsbuff[7]=com%10;
  49   1         com++;
  50   1         write_eeprom(0x00,com); //写到0x00
  51   1      }
  52          
  53          //void test()
  54          //{
C51 COMPILER V9.57.0.0   TIME_1                                                            01/22/2018 11:54:15 PAGE 2   

  55          //  dsbuff[0]=1;
  56          //}
  57          
  58          void smg_initerrupt() interrupt 1
  59          {
  60   1        TH0 = (65535-2000)/256;
  61   1        TL0 = (65535-2000)%256;
  62   1        display();
  63   1       }
  64          
  65          
  66           void Delay500ms()    //@11.0592MHz
  67           {
  68   1        unsigned char i, j, k;
  69   1      
  70   1        i = 29;
  71   1        j = 14;
  72   1        k = 54;
  73   1        do
  74   1        {
  75   2          do
  76   2          {
  77   3            while (--k);
  78   3          } while (--j);
  79   2        } while (--i);
  80   1       }
  81          
  82          
  83          void main()
  84          {
  85   1        buzz();
  86   1        init_smg();
  87   1        while(1)
  88   1        {
  89   2          Delay500ms();
  90   2          Delay500ms();
  91   2          kai_com();
  92   2        };
  93   1      }


MODULE INFORMATION:   STATIC OVERLAYABLE
   CODE SIZE        =    210    ----
   CONSTANT SIZE    =     12    ----
   XDATA SIZE       =   ----    ----
   PDATA SIZE       =   ----    ----
   DATA SIZE        =     10    ----
   IDATA SIZE       =   ----    ----
   BIT SIZE         =   ----    ----
END OF MODULE INFORMATION.


C51 COMPILATION COMPLETE.  0 WARNING(S),  0 ERROR(S)
