C51 COMPILER V9.57.0.0   LED_SMG                                                           01/19/2018 15:31:42 PAGE 1   


C51 COMPILER V9.57.0.0, COMPILATION OF MODULE LED_SMG
OBJECT MODULE PLACED IN .\Objects\led_smg.obj
COMPILER INVOKED BY: C:\Keil_v5\C51\BIN\C51.EXE led_smg.c OPTIMIZE(8,SPEED) BROWSE DEBUG OBJECTEXTEND PRINT(.\Listings\l
                    -ed_smg.lst) TABS(2) OBJECT(.\Objects\led_smg.obj)

line level    source

   1          #include<regx52.h>
   2          
   3          
   4          unsigned char code tab[] = {0xc0,0xf9,0xa4,0xb0,0x99,0x92,0x82,0xf8,0x80,0x90,0xff,0xbf};
   5          unsigned char dsbuff[]={10,10,10,10,10,10,10,10};
   6          unsigned char dscom=0;
   7          
   8          void buzz()
   9          {
  10   1          P2=(P2&0x1f)|0xa0;
  11   1          P0=0x00;
  12   1          P2=P2&0x1f;
  13   1      }
  14          
  15          void init_smg()
  16          {
  17   1        TMOD|=0x01;
  18   1        TH0 = (65535-2000)/256;
  19   1        TL0 = (65535-2000)%256;
  20   1        ET0=1;
  21   1        EA=1;
  22   1        TR0=1;
  23   1      }
  24          
  25          void display()
  26          {
  27   1        P2=(P2&0x1f)|0xe0;
  28   1        P0=0xff;
  29   1        P2=P2&0x1f;
  30   1      
  31   1        P2=(P2&0x1f)|0xc0;
  32   1        P0=1<<dscom;
  33   1        P2=P2&0x1f;
  34   1      
  35   1        P2=(P2&0x1f)|0xe0;
  36   1        P0=tab[dsbuff[dscom]];
  37   1        P2=P2&0x1f;
  38   1      
  39   1        if(++dscom==8)
  40   1        {
  41   2          dscom=0;
  42   2        }
  43   1      }
  44          
  45          void smg_initerrupt() interrupt 1
  46          {
  47   1        TH0 = (65535-2000)/256;
  48   1        TL0 = (65535-2000)%256;
  49   1        display();
  50   1      }
  51          
  52          
  53          void Delay500ms()   //@11.0592MHz
  54          {
C51 COMPILER V9.57.0.0   LED_SMG                                                           01/19/2018 15:31:42 PAGE 2   

  55   1        unsigned char i, j, k;
  56   1      
  57   1        i = 29;
  58   1        j = 14;
  59   1        k = 54;
  60   1        do
  61   1        {
  62   2          do
  63   2          {
  64   3            while (--k);
  65   3          } while (--j);
  66   2        } while (--i);
  67   1      }
  68          
  69          
  70          void display_1()
  71          {
  72   1          unsigned char i;
  73   1          i=0;
  74   1          while(1)
  75   1          {
  76   2            dsbuff[i]=i;
  77   2            Delay500ms();
  78   2            dsbuff[i]=10;
  79   2            if(++i==8)
  80   2            {
  81   3              i=0;
  82   3            }
  83   2          }
  84   1      }
  85          
  86          void main()
  87          {
  88   1        buzz();
  89   1        init_smg();
  90   1        display_1();
  91   1      }


MODULE INFORMATION:   STATIC OVERLAYABLE
   CODE SIZE        =    190    ----
   CONSTANT SIZE    =     12    ----
   XDATA SIZE       =   ----    ----
   PDATA SIZE       =   ----    ----
   DATA SIZE        =      9    ----
   IDATA SIZE       =   ----    ----
   BIT SIZE         =   ----    ----
END OF MODULE INFORMATION.


C51 COMPILATION COMPLETE.  0 WARNING(S),  0 ERROR(S)
