C51 COMPILER V9.57.0.0   SHIZHONG                                                          01/22/2018 11:55:16 PAGE 1   


C51 COMPILER V9.57.0.0, COMPILATION OF MODULE SHIZHONG
OBJECT MODULE PLACED IN .\Objects\shizhong.obj
COMPILER INVOKED BY: C:\Keil_v5\C51\BIN\C51.EXE shizhong.c OPTIMIZE(8,SPEED) BROWSE DEBUG OBJECTEXTEND PRINT(.\Listings\
                    -shizhong.lst) TABS(2) OBJECT(.\Objects\shizhong.obj)

line level    source

   1          #include <regx52.h>
   2          #include "ds1302.h"
   3          
   4          
   5          unsigned char code tab[] = {0xc0,0xf9,0xa4,0xb0,0x99,0x92,0x82,0xf8,0x80,0x90,0xff,0xbf};
   6          unsigned char dsbuff[]={10,10,10,10,10,10,10,10};
   7          unsigned char dscom=0;
   8          unsigned char s_time[7]={0x28,0x23,0x20,0x05,0x03,0x04,0x17};//设置时间数组
   9          unsigned char g_time[7]={0};  //保存时间数组
  10          
  11          int count=0;
  12          
  13          
  14          void buzz()
  15          {
  16   1          P2=(P2&0x1f)|0xa0;
  17   1          P0=0x00;
  18   1          P2=P2&0x1f;
  19   1      }
  20          
  21          void Delay100ms()   //@11.0592MHz
  22          {
  23   1        unsigned char i, j, k;
  24   1      
  25   1        i = 29;
  26   1        j = 14;
  27   1        k = 11;
  28   1        do
  29   1        {
  30   2          do
  31   2          {
  32   3            while (--k);
  33   3          } while (--j);
  34   2        } while (--i);
  35   1      }
  36          
  37          void delay(int n)  
  38          {  
  39   1          char z=110;  
  40   1          while(n--)  
  41   1          for(z=0;z<110;z++);  
  42   1      }  
  43          void get_time()   //获取时间
  44          {
  45   1          char i;
  46   1          for(i=0;i<7;i++)
  47   1          {
  48   2          g_time[i]=Ds1302_Single_Byte_Read(0x81+i*2);
  49   2          delay(30);
  50   2          }
  51   1      }
  52          void init_smg()
  53          {
  54   1        TMOD|=0x01;
C51 COMPILER V9.57.0.0   SHIZHONG                                                          01/22/2018 11:55:16 PAGE 2   

  55   1        TH0 = (65535-2000)/256;
  56   1        TL0 = (65535-2000)%256;
  57   1        ET0=1;
  58   1        EA=1;
  59   1        TR0=1;
  60   1      }
  61          
  62          void display()
  63          {
  64   1        P2=(P2&0x1f)|0xe0;
  65   1        P0=0xff;
  66   1        P2=P2&0x1f;
  67   1      
  68   1        P2=(P2&0x1f)|0xc0;
  69   1        P0=1<<dscom;
  70   1        P2=P2&0x1f;
  71   1      
  72   1        P2=(P2&0x1f)|0xe0;
  73   1        P0=tab[dsbuff[dscom]];
  74   1        P2=P2&0x1f;
  75   1      
  76   1        if(++dscom==8)
  77   1        {
  78   2          dscom=0;
  79   2        }
  80   1      }
  81          
  82          
  83          void set_time()     //设置时间
  84          {
  85   1          char i;
  86   1          char adr=0x80;   //写地址
  87   1          Ds1302_Single_Byte_Write(0x8e,0x00);    //写保护可写
  88   1          for(i=0;i<7;i++)
  89   1          Ds1302_Single_Byte_Write(adr+i*2,s_time[i]);
  90   1          Ds1302_Single_Byte_Write(0x8e,0x80);   //写保护不可写
  91   1      }
  92          
  93          
  94          void dstime_sfm()    //显示时间
  95          {
  96   1          //BCD转码
  97   1          dsbuff[6]=(g_time[0]&0x70)>>4;//秒十位
  98   1          dsbuff[7]=g_time[0]&0x0f;     //秒各位
  99   1      
 100   1          dsbuff[5]=11;   //-
 101   1      
 102   1          dsbuff[3]=(g_time[1]&0x70)>>4;//分十位
 103   1          dsbuff[4]=g_time[1]&0x0f;     //分各位
 104   1      
 105   1           dsbuff[2]=11;  //-
 106   1      
 107   1          dsbuff[0]=(g_time[2]&0x30)>>4;//时十位
 108   1          dsbuff[1]=g_time[2]&0x0f;     //时各位
 109   1      
 110   1      }
 111          
 112          //void dstime_nyr()         //显示年月日
 113          //{
 114          //    //BCD转码  
 115          //    dsbuff[6]=(g_time[3]&0x30)>>4;//日十位
 116          //    dsbuff[7]=g_time[3]&0x0f;     //日各位
C51 COMPILER V9.57.0.0   SHIZHONG                                                          01/22/2018 11:55:16 PAGE 3   

 117          
 118          //    dsbuff[5]=11;   //-
 119          
 120          //    dsbuff[3]=(g_time[4]&0x10)>>4;//月十位
 121          //    dsbuff[4]=g_time[4]&0x0f;     //月各位
 122          
 123          //     dsbuff[2]=11;  //-
 124          
 125          //    dsbuff[0]=(g_time[6]&0xf0)>>4;//年十位
 126          //    dsbuff[1]=g_time[6]&0x0f;     //年各位
 127          //}
 128          
 129          void smg_initerrupt() interrupt 1
 130          {
 131   1        TH0 = (65535-2000)/256;
 132   1        TL0 = (65535-2000)%256;
 133   1        display();
 134   1      }
 135          
 136          void main()
 137          {
 138   1        buzz();
 139   1        init_smg();
 140   1        set_time();
 141   1        while(1)
 142   1        {
 143   2          Delay100ms();
 144   2          get_time();
 145   2          dstime_sfm();
 146   2        }
 147   1      }


MODULE INFORMATION:   STATIC OVERLAYABLE
   CODE SIZE        =    338    ----
   CONSTANT SIZE    =     12    ----
   XDATA SIZE       =   ----    ----
   PDATA SIZE       =   ----    ----
   DATA SIZE        =     25       3
   IDATA SIZE       =   ----    ----
   BIT SIZE         =   ----    ----
END OF MODULE INFORMATION.


C51 COMPILATION COMPLETE.  0 WARNING(S),  0 ERROR(S)
