C51 COMPILER V9.57.0.0   YUAN                                                              01/25/2018 10:25:03 PAGE 1   


C51 COMPILER V9.57.0.0, COMPILATION OF MODULE YUAN
OBJECT MODULE PLACED IN .\Objects\yuan.obj
COMPILER INVOKED BY: D:\keil\C51\BIN\C51.EXE yuan.c OPTIMIZE(8,SPEED) BROWSE DEBUG OBJECTEXTEND PRINT(.\Listings\yuan.ls
                    -t) TABS(2) OBJECT(.\Objects\yuan.obj)

line level    source

   1          #include <regx52.h>
   2          #include "ds1302.h"
   3          
   4          
   5          unsigned char code tab[] = {0xc0,0xf9,0xa4,0xb0,0x99,0x92,0x82,0xf8,0x80,0x90,0xff,0xbf,0x9c,0xc6,0xbb,0xa
             -1,0x88};
   6          unsigned char dsbuff[]={10,10,10,10,10,10,10,10};
   7          unsigned char dscom=0;
   8          unsigned char wei=0;
   9          unsigned char s_time[7]={0x28,0x23,0x20,0x05,0x03,0x04,0x17};     //è®¾ç½®æ—¶é—´ç¼“å­˜åŒº
  10          unsigned char g_time[7]={0};                                      //è·å–æ—¶é—´ç¼“å­˜åŒº
  11          unsigned char time_value[6]={0};                                  //æŒ‰é”® æ—¶é—´ ç¼“å­˜åŒº
  12          unsigned char date_value[6]={0};                                  //æŒ‰é”® æ—¥æœŸ ç¼“å­˜åŒº
  13          unsigned char alarm_value[3]={0};                                 // è®¾ç½®é—¹é’Ÿæ—¶é—´
  14          unsigned char temp_value[6]={0};                                  //æŒ‰é”® é—¹é’Ÿæ—¶é—´  ç¼“å­˜åŒº
  15          sbit DQ = P1^4;
  16          int count=0;
  17          unsigned char wendu_flag=0;                                      //æ¸©åº¦æ ‡å¿—  ä¸»è¦ç”¨æ¥åŒºåˆ«æ˜¯å¦æ
             -˜¾ç¤ºå°æ•°ç‚¹
  18          unsigned char allow_alarm=0;                                     //æ˜¯å¦å…è®¸é—¹é’Ÿå¼€å¯
  19          unsigned char alarm_flag=0;                                      //æ˜¯å¦å“é“ƒ
  20          
  21          
  22          sfr P4 = 0xc0;
  23          
  24          sbit r4 = P3^3;
  25          sbit r3 = P3^2;
  26          sbit r2 = P3^1;
  27          sbit r1 = P3^0;
  28          
  29          
  30          sbit c1 = P4^4;
  31          sbit c2 = P4^2;
  32          sbit c3 = P3^5;
  33          sbit c4 = P3^4;
  34          
  35          
  36          //å…³é—­èœ‚é¸£å™¨
  37          void close_buzz()
  38          {
  39   1          P2=(P2&0x1f)|0xa0;
  40   1          P0 &=0xbf;
  41   1          P2=P2&0x1f;
  42   1      }
  43          
  44          //å¼€å¯èœ‚é¸£å™¨
  45          void open_buzz()
  46          {
  47   1          P2=(P2&0x1f)|0xa0;
  48   1          P0 |=0x40;
  49   1          P2=P2&0x1f;
  50   1      }
  51          
  52          
C51 COMPILER V9.57.0.0   YUAN                                                              01/25/2018 10:25:03 PAGE 2   

  53          //å…³é—­ç»§ç”µå™¨
  54          void close_jidianqi()
  55          {
  56   1        P2=(P2&0x1f)|0xa0;
  57   1        P0 &=0xef;
  58   1        P2=P2&0x1f;
  59   1      }
  60          
  61          //å¼€å¯ç»§ç”µå™¨
  62          void open_jidianqi()
  63          {
  64   1        P2=(P2&0x1f)|0xa0;
  65   1        P0 |=0x10;
  66   1        P2=P2&0x1f;
  67   1      }
  68          
  69          //å»¶æ—¶ä¸€æ¯«ç§’
  70          void delay(int n)
  71          {
  72   1          char z=110;
  73   1          while(n--)
  74   1          for(z=0;z<110;z++);
  75   1      }
  76          
  77          
  78          //åˆå§‹åŒ–å®šæ—¶å™¨0
  79          void init_smg()
  80          {
  81   1        TMOD|=0x01;
  82   1        TH0 = (65535-2000)/256;
  83   1        TL0 = (65535-2000)%256;
  84   1        ET0=1;
  85   1        EA=1;
  86   1        TR0=1;
  87   1      }
  88          
  89          
  90          //æ˜¾ç¤ºæ•°ç ç®¡
  91          void display()
  92          {
  93   1        P2=(P2&0x1f)|0xe0;
  94   1        P0=0xff;
  95   1        P2=P2&0x1f;
  96   1      
  97   1        P2=(P2&0x1f)|0xc0;
  98   1        P0=1<<dscom;
  99   1        P2=P2&0x1f;
 100   1      
 101   1        P2=(P2&0x1f)|0xe0;
 102   1        P0=tab[dsbuff[dscom]];
 103   1        if(dscom==3&&wendu_flag==1)
 104   1        {
 105   2          P0=P0&0x7f;
 106   2        }
 107   1        P2=P2&0x1f;
 108   1      
 109   1        if(++dscom==8)
 110   1        {
 111   2          dscom=0;
 112   2        }
 113   1      }
 114          
C51 COMPILER V9.57.0.0   YUAN                                                              01/25/2018 10:25:03 PAGE 3   

 115          
 116          //å®šæ—¶å™¨0ä¸­æ–­
 117          void smg_initerrupt() interrupt 1
 118          {
 119   1        TH0 = (65535-2000)/256;
 120   1        TL0 = (65535-2000)%256;
 121   1        display();
 122   1        if(alarm_flag==1)
 123   1        {
 124   2            count++;
 125   2        }
 126   1      }
 127          
 128          //æŒ‰é”®æ‰«æ
 129          unsigned char key_scan()
 130          {
 131   1        r1=0;
 132   1        r2=r3=r4=1;
 133   1        c1=c2=c3=c4=1;
 134   1        if(!c1){delay(20);if(!c1){while(!c1);delay(20);return 0;}}
 135   1        else if(!c2){delay(20);if(!c2){while(!c2);delay(20);return 1;}}
 136   1        else if(!c3){delay(20);if(!c3){while(!c3);delay(20);return 2;}}
 137   1        else if(!c4){delay(20);if(!c4){while(!c4);delay(20);return 3;}}
 138   1      
 139   1      
 140   1        r2=0;
 141   1        r1=r3=r4=1;
 142   1        c1=c2=c3=c4=1;
 143   1        if(!c1){delay(20);if(!c1){while(!c1);delay(20);return 4;}}
 144   1        else if(!c2){delay(20);if(!c2){while(!c2);delay(20);return 5;}}
 145   1        else if(!c3){delay(20);if(!c3){while(!c3);delay(20);return 6;}}
 146   1        else if(!c4){delay(20);if(!c4){while(!c4);delay(20);return 7;}}
 147   1      
 148   1      
 149   1        r3=0;
 150   1        r1=r2=r4=1;
 151   1        c1=c2=c3=c4=1;
 152   1        if(!c1){delay(20);if(!c1){while(!c1);delay(20);return 8;}}
 153   1        else if(!c2){delay(20);if(!c2){while(!c2);delay(20);return 9;}}
 154   1        else if(!c3){delay(20);if(!c3){while(!c3);delay(20);return 10;}}
 155   1        else if(!c4){delay(20);if(!c4){while(!c4);delay(20);return 11;}}
 156   1      
 157   1        r4=0;
 158   1        r1=r2=r3=1;
 159   1        c1=c2=c3=c4=1;
 160   1        if(!c1){delay(20);if(!c1){while(!c1);delay(20);return 12;}}
 161   1        else if(!c2){delay(20);if(!c2){while(!c2);delay(20);return 13;}}
 162   1        else if(!c3){delay(20);if(!c3){while(!c3);delay(20);return 14;}}
 163   1        else if(!c4){delay(20);if(!c4){while(!c4);delay(20);return 15;}}
 164   1      
 165   1        return 16;
 166   1      }
 167          
 168          //å•æ€»çº¿ å»¶æ—¶
 169          void Delay_OneWire(unsigned int t)
 170          {
 171   1        char  z;
 172   1        while(t--)
 173   1        for(z=0;z<12;z++);
 174   1      }
 175          
 176          
C51 COMPILER V9.57.0.0   YUAN                                                              01/25/2018 10:25:03 PAGE 4   

 177          //åˆå§‹åŒ– DS18B20
 178          void Init_DS18B20()
 179          {
 180   1        bit initflag = 0;
 181   1        DQ = 1;
 182   1        Delay_OneWire(12);
 183   1        DQ = 0;
 184   1        Delay_OneWire(80);
 185   1        DQ = 1;
 186   1        Delay_OneWire(10);
 187   1        initflag = DQ;
 188   1        Delay_OneWire(5);
 189   1        return;
 190   1      }
 191          
 192          //DS18B20 å†™ä¸€ä¸ªå­—èŠ‚
 193          void Write_DS18B20(unsigned char dat)
 194          {
 195   1        unsigned char i;
 196   1        for(i=0;i<8;i++)
 197   1        {
 198   2          DQ = 0;
 199   2          DQ = dat&0x01;
 200   2          Delay_OneWire(5);
 201   2          DQ = 1;
 202   2          dat >>= 1;
 203   2        }
 204   1        Delay_OneWire(5);
 205   1      }
 206          
 207          //DS18B20 è¯»å–ä¸€ä¸ªå­—èŠ‚
 208          unsigned char Read_DS18B20(void)
 209          {
 210   1        unsigned char i;
 211   1        unsigned char dat;
 212   1      
 213   1        for(i=0;i<8;i++)
 214   1        {
 215   2          DQ = 0;
 216   2          dat >>= 1;
 217   2          DQ = 1;
 218   2          if(DQ)
 219   2          {
 220   3            dat |= 0x80;
 221   3          }
 222   2          Delay_OneWire(5);
 223   2        }
 224   1        return dat;
 225   1      }
 226          
 227          //è¯»æ¸©åº¦
 228          int read_wendu()
 229          {
 230   1      unsigned char low,high;
 231   1      int temp;
 232   1      float t;
 233   1      Init_DS18B20();
 234   1      Write_DS18B20(0xcc);
 235   1      Write_DS18B20(0x44);
 236   1      Delay_OneWire(200);
 237   1      Init_DS18B20();
 238   1      Write_DS18B20(0xcc);
C51 COMPILER V9.57.0.0   YUAN                                                              01/25/2018 10:25:03 PAGE 5   

 239   1      Write_DS18B20(0xbe);
 240   1      low=Read_DS18B20();
 241   1      high=Read_DS18B20();
 242   1      
 243   1      //å°† é«˜å­—èŠ‚å’Œä½å­—èŠ‚ è½¬åŒ– æˆintå‹
 244   1      temp=(high<<6)|(low>>2);
 245   1      
 246   1      //å°†è¡¥ç è½¬æ¢æˆåç 
 247   1      if(temp<0)
 248   1      {
 249   2        temp=~(temp-1);
 250   2      }
 251   1      
 252   1      
 253   1      //ä¿ç•™2ä¸ºå°æ•°
 254   1      t = temp*0.25;
 255   1      temp = t*100+0.5;
 256   1      return temp;
 257   1      }
 258          
 259          
 260          //æ˜¾ç¤ºæ¸©åº¦
 261          void displaywendu()
 262          {
 263   1        unsigned char i;
 264   1        int wendu = read_wendu();
 265   1        dsbuff[7]=13;
 266   1        dsbuff[6]=12;
 267   1        i=5;
 268   1      
 269   1        //å°†æ•°å€¼ æ˜¾ç¤ºåœ¨æ•°ç ç®¡
 270   1        while(wendu>0)
 271   1        {
 272   2           dsbuff[i]=wendu%10;
 273   2           wendu=wendu/10;
 274   2           i=i-1;
 275   2         }
 276   1      
 277   1         //é™¤äº†æ•°å€¼æ˜¾ç¤º å…¶ä»–æ•°ç ç®¡ä¸äº®
 278   1         do
 279   1         {
 280   2            dsbuff[i]=10;
 281   2            i=i-1;
 282   2         }while(i>0);
 283   1         dsbuff[0]=10;
 284   1      }
 285          
 286          //è·å–æ—¶é—´å’Œæ—¥æœŸ
 287          void get_time()
 288          {
 289   1          char i;
 290   1          for(i=0;i<7;i++)
 291   1          {
 292   2          g_time[i]=Ds1302_Single_Byte_Read(0x81+i*2);
 293   2          delay(30);
 294   2          }
 295   1      }
 296          
 297          //è®¾ç½®æ—¶é—´å’Œæ—¥æœŸ
 298          void set_time()
 299          {
 300   1          char i;
C51 COMPILER V9.57.0.0   YUAN                                                              01/25/2018 10:25:03 PAGE 6   

 301   1          char adr=0x80;
 302   1          Ds1302_Single_Byte_Write(0x8e,0x00);
 303   1          for(i=0;i<7;i++)
 304   1          Ds1302_Single_Byte_Write(adr+i*2,s_time[i]);
 305   1          Ds1302_Single_Byte_Write(0x8e,0x80);
 306   1      }
 307          
 308          //æ˜¾ç¤º æ—¶é—´
 309          void dstime_sfm()
 310          {
 311   1      
 312   1          dsbuff[6]=(g_time[0]&0x70)>>4;
 313   1          dsbuff[7]=g_time[0]&0x0f;
 314   1      
 315   1          dsbuff[5]=11;   //-
 316   1      
 317   1          dsbuff[3]=(g_time[1]&0x70)>>4;
 318   1          dsbuff[4]=g_time[1]&0x0f;
 319   1      
 320   1           dsbuff[2]=11;  //-
 321   1      
 322   1          dsbuff[0]=(g_time[2]&0x30)>>4;
 323   1          dsbuff[1]=g_time[2]&0x0f;
 324   1      
 325   1      }
 326          
 327          //æ˜¾ç¤ºæ—¥æœŸ
 328          void dstime_nyr()
 329          {
 330   1      
 331   1          dsbuff[6]=(g_time[3]&0x30)>>4;
 332   1          dsbuff[7]=g_time[3]&0x0f;
 333   1      
 334   1          dsbuff[5]=11;
 335   1      
 336   1          dsbuff[3]=(g_time[4]&0x10)>>4;
 337   1          dsbuff[4]=g_time[4]&0x0f;
 338   1      
 339   1           dsbuff[2]=11;
 340   1      
 341   1          dsbuff[0]=(g_time[6]&0xf0)>>4;
 342   1          dsbuff[1]=g_time[6]&0x0f;
 343   1      }
 344          
 345          
 346          //æ˜¾ç¤ºé—¹é’Ÿæ—¶é—´
 347          void dstime_alarm()
 348          {
 349   1          dsbuff[6]=(alarm_value[0]&0x70)>>4;
 350   1          dsbuff[7]=alarm_value[0]&0x0f;
 351   1      
 352   1          dsbuff[5]=11;   //-
 353   1      
 354   1          dsbuff[3]=(alarm_value[1]&0x70)>>4;
 355   1          dsbuff[4]=alarm_value[1]&0x0f;
 356   1      
 357   1           dsbuff[2]=11;  //-
 358   1      
 359   1          dsbuff[0]=(alarm_value[2]&0x30)>>4;
 360   1          dsbuff[1]=alarm_value[2]&0x0f;
 361   1      }
 362          
C51 COMPILER V9.57.0.0   YUAN                                                              01/25/2018 10:25:03 PAGE 7   

 363          //è·å–æ—¶é—´ è½¬æ¢ æˆè®¾ç½®æ—¶é—´
 364          void g_time_s_time()
 365          {
 366   1        unsigned char i;
 367   1        for(i=0;i<8;i++)
 368   1        {
 369   2          s_time[i] = g_time[i];
 370   2        }
 371   1      }
 372          //æ¸…é™¤æ•°ç ç®¡
 373          void clear_smg()
 374          {
 375   1        unsigned char i;
 376   1        for(i=0;i<8;i++)
 377   1        {
 378   2          dsbuff[i]=10;
 379   2        }
 380   1      }
 381          
 382          // è¾“å…¥ æ—¶é—´  ç•Œé¢
 383          void input_time_UI()
 384          {
 385   1         unsigned char i;
 386   1         dsbuff[0]=14;
 387   1         for(i=1;i<8;i++)
 388   1         {
 389   2           dsbuff[i]=10;
 390   2         }
 391   1      }
 392          
 393          //è¾“å…¥ æ—¥æœŸ  ç•Œé¢
 394          void input_date_UI()
 395          {
 396   1         unsigned char i;
 397   1         dsbuff[0]=15;
 398   1         for(i=1;i<8;i++)
 399   1         {
 400   2           dsbuff[i]=10;
 401   2         }
 402   1      }
 403          
 404          //è¾“å…¥é—¹é’Ÿæ—¶é—´  ç•Œé¢
 405          void input_alarm_UI()
 406          {
 407   1         unsigned char i;
 408   1         dsbuff[0]=16;
 409   1         for(i=1;i<8;i++)
 410   1         {
 411   2           dsbuff[i]=10;
 412   2         }
 413   1      }
 414          
 415          //åˆ é™¤  æ˜¾ç¤ºç•Œé¢
 416          unsigned  char  num_setblack_display()
 417          {
 418   1        if(wei%3==0&&wei!=0)
 419   1        {
 420   2          dsbuff[wei-1]=10;
 421   2          wei=wei-2;
 422   2          dsbuff[wei]=10;
 423   2          return 1;
 424   2        }
C51 COMPILER V9.57.0.0   YUAN                                                              01/25/2018 10:25:03 PAGE 8   

 425   1        else if(wei>0)
 426   1        {
 427   2          wei=wei-1;
 428   2          dsbuff[wei]=10;
 429   2          return 1;
 430   2        }
 431   1        return 0;
 432   1      
 433   1      }
 434          
 435          // è¾“å…¥æ˜¾ç¤ºç•Œé¢
 436          void num_input_display(unsigned char num)
 437          {
 438   1        dsbuff[wei]=num;
 439   1        if(++wei==8)
 440   1        {
 441   2            wei=0;
 442   2        }
 443   1        if((wei+1)%3==0)
 444   1        {
 445   2          dsbuff[wei]=11;
 446   2          wei=wei+1;
 447   2        }
 448   1      }
 449          
 450          //æ•°å€¼ è½¬åŒ– æˆæ—¶é—´
 451          void num_time()
 452          {
 453   1         s_time[0] = time_value[4]*16+time_value[5];
 454   1         s_time[1] = time_value[2]*16+time_value[3];
 455   1         s_time[2] = time_value[0]*16+time_value[1];
 456   1      }
 457          
 458          //æ•°å€¼ è½¬åŒ– æˆé—¹é’Ÿæ—¶é—´
 459          void num_alarm()
 460          {
 461   1         alarm_value[0] = temp_value[4]*16+temp_value[5];
 462   1         alarm_value[1] = temp_value[2]*16+temp_value[3];
 463   1         alarm_value[2] = temp_value[0]*16+temp_value[1];
 464   1      }
 465          
 466          //æ•°å€¼ è½¬åŒ–æˆ æ—¥æœŸ
 467          void num_date()
 468          {
 469   1         s_time[3] = date_value[4]*16+date_value[5];
 470   1         s_time[4] = date_value[2]*16+date_value[3];
 471   1         s_time[6] = date_value[0]*16+date_value[1];
 472   1      }
 473          
 474          
 475          
 476          //åˆ¤æ–­æ—¶é—´è¾“å…¥æ˜¯å¦æ­£ç¡®
 477          unsigned char time_ture(unsigned char i,unsigned char num)
 478          {
 479   1         if(i==0&&num>2)
 480   1         {
 481   2          return 0;
 482   2         }
 483   1         if(i==1&& time_value[0]==2 &&  num >3 )
 484   1         {
 485   2            return 0;
 486   2         }
C51 COMPILER V9.57.0.0   YUAN                                                              01/25/2018 10:25:03 PAGE 9   

 487   1         if(i==2&&num>5)
 488   1         {
 489   2          return 0;
 490   2         }
 491   1         if(i==4&&num>5)
 492   1         {
 493   2          return 0;
 494   2         }
 495   1         return 1;
 496   1      }
 497          
 498          
 499          //åˆ¤æ–­æ—¥æœŸè¾“å…¥æ˜¯å¦æ­£ç¡®
 500          unsigned char date_ture(unsigned char i,unsigned char num)
 501          {
 502   1         if(i==2&&num>1)
 503   1         {
 504   2          return 0;
 505   2         }
 506   1         if(i==3 && date_value[2]==1  && num>2 )
 507   1         {
 508   2          return 0;
 509   2         }
 510   1         if(i==3 && date_value[2]==0  && num==0)
 511   1         {
 512   2          return 0;
 513   2         }
 514   1         if(i==4&&num>3)
 515   1         {
 516   2          return 0;
 517   2         }
 518   1         if(i==5 && date_value[4]==3  && num>1)
 519   1         {
 520   2          return 0;
 521   2         }
 522   1         if(i==5 && date_value[4]==0  && num==0)
 523   1         {
 524   2          return 0;
 525   2         }
 526   1         return 1;
 527   1      }
 528          
 529          //è¾“å…¥æ—¶é—´
 530          void num_input_time()
 531          {
 532   1        unsigned char num;
 533   1        unsigned char i;
 534   1        i=0;
 535   1        while(i<=6)
 536   1        {
 537   2      
 538   2          num=key_scan();
 539   2          while(num==16)
 540   2          {
 541   3             num=key_scan();
 542   3          }
 543   2      
 544   2          if(num==15 && i!=6)
 545   2          {
 546   3            wei=0;
 547   3            return ;
 548   3          }
C51 COMPILER V9.57.0.0   YUAN                                                              01/25/2018 10:25:03 PAGE 10  

 549   2      
 550   2          if(num>=0 && num<=9 && i!=6)
 551   2          {
 552   3            if(i==0)clear_smg();
 553   3            if(time_ture(i,num))
 554   3            {
 555   4              time_value[i]=num;
 556   4              num_input_display(num);
 557   4              i++;
 558   4            }
 559   3          }
 560   2          if(i==6 && num==15)
 561   2          {
 562   3            get_time();
 563   3            g_time_s_time();
 564   3            num_time();
 565   3            set_time();
 566   3            wei=0;
 567   3            i++;
 568   3          }
 569   2          if(num==14&&i>0)
 570   2          {
 571   3            if(num_setblack_display())
 572   3            i--;
 573   3          }
 574   2        }
 575   1      }
 576          
 577          //è¾“å…¥æ—¥æœŸ
 578          void num_input_date()
 579          {
 580   1        unsigned char num;
 581   1        unsigned char i;
 582   1        i=0;
 583   1        while(i<=6)
 584   1        {
 585   2      
 586   2          num=key_scan();
 587   2          while(num==16)
 588   2          {
 589   3             num=key_scan();
 590   3          }
 591   2      
 592   2          if(num==15 && i!=6)
 593   2          {
 594   3            wei=0;
 595   3            return ;
 596   3          }
 597   2      
 598   2          if(num>=0 && num<=9 && i!=6)
 599   2          {
 600   3            if(i==0)clear_smg();
 601   3            if(date_ture(i,num))
 602   3            {
 603   4              date_value[i]=num;
 604   4              num_input_display(num);
 605   4              i++;
 606   4            }
 607   3          }
 608   2          if(i==6 && num==15)
 609   2          {
 610   3            get_time();
C51 COMPILER V9.57.0.0   YUAN                                                              01/25/2018 10:25:03 PAGE 11  

 611   3            g_time_s_time();
 612   3            num_date();
 613   3            set_time();
 614   3            wei=0;
 615   3            i++;
 616   3          }
 617   2          if(num==14&&i>0)
 618   2          {
 619   3            if(num_setblack_display())
 620   3            i--;
 621   3          }
 622   2        }
 623   1      }
 624          
 625          
 626          
 627          //è®¾ç½®é—¹é’Ÿæ—¶é—´
 628          void set_alarm()
 629          {
 630   1        unsigned char num;
 631   1        unsigned char i;
 632   1        i=0;
 633   1        while(i<=6)
 634   1        {
 635   2      
 636   2          num=key_scan();
 637   2          while(num==16)
 638   2         {
 639   3            num=key_scan();
 640   3          }
 641   2      
 642   2          if(num==15 && i!=6)
 643   2          {
 644   3            wei=0;
 645   3            return ;
 646   3          }
 647   2      
 648   2          if(num>=0 && num<=9 && i!=6)
 649   2          {
 650   3            if(i==0)clear_smg();
 651   3            if(time_ture(i,num))
 652   3            {
 653   4              temp_value[i]=num;
 654   4              num_input_display(num);
 655   4              i++;
 656   4            }
 657   3          }
 658   2          if(i==6 && num==15)
 659   2          {
 660   3           num_alarm();
 661   3            wei=0;
 662   3            i++;
 663   3          }
 664   2          if(num==14&&i>0)
 665   2          {
 666   3            if(num_setblack_display())
 667   3            i--;
 668   3          }
 669   2        }
 670   1      }
 671          
 672          
C51 COMPILER V9.57.0.0   YUAN                                                              01/25/2018 10:25:03 PAGE 12  

 673          
 674          
 675          
 676          
 677          //æ£€æµ‹æ˜¯å¦åˆ°é—¹é’Ÿæ—¶é—´
 678          void test_alarm()
 679          {
 680   1        unsigned  char i;
 681   1        for(i=0;i<3;i++)
 682   1        {
 683   2          if(g_time[i]!=alarm_value[i])
 684   2          break;
 685   2        }
 686   1        if(i==3 && allow_alarm==1)
 687   1        {
 688   2            alarm_flag = 1;
 689   2        }
 690   1        return;
 691   1      }
 692          
 693          //å¼€å¯é—¹é’Ÿ
 694          void open_alarm()
 695          {
 696   1        if(count<1500)
 697   1        {
 698   2          open_buzz();
 699   2          open_jidianqi();
 700   2          delay(100);
 701   2          close_buzz();
 702   2          close_jidianqi();
 703   2        }
 704   1        else
 705   1        {
 706   2          alarm_flag=0;
 707   2          count = 0;
 708   2        }
 709   1      }
 710          
 711          //é—¹é’Ÿ
 712          void alarm()
 713          {
 714   1        test_alarm();
 715   1        if(alarm_flag==1)
 716   1        {
 717   2          open_alarm();
 718   2        }
 719   1      }
 720          
 721          
 722          
 723          //æŒ‰é”®åŠŸèƒ½
 724          void key_function()
 725          {
 726   1        unsigned char key;
 727   1        key=key_scan();
 728   1        
 729   1        //æ˜¾ç¤ºæ¸©åº¦
 730   1          if(key==8)
 731   1          {
 732   2            displaywendu();
 733   2            wendu_flag=1;
 734   2            delay(10000);
C51 COMPILER V9.57.0.0   YUAN                                                              01/25/2018 10:25:03 PAGE 13  

 735   2            wendu_flag=0;
 736   2          }
 737   1          
 738   1          //æ˜¾ç¤ºæ—¥æœŸ  å’Œ é—¹é’Ÿæ—¶é—´
 739   1          if(key==9)
 740   1          {
 741   2            dstime_nyr();
 742   2            delay(10000);
 743   2            dstime_alarm();
 744   2            delay(10000);
 745   2          }
 746   1          
 747   1          
 748   1          //è®¾ç½®æ˜¯å¦å…è®¸å¼€å¯é—¹é’Ÿ
 749   1          if(key==10)
 750   1          {
 751   2            if(allow_alarm==1)
 752   2            {
 753   3              allow_alarm=0;
 754   3              clear_smg();
 755   3              dsbuff[0]=0;
 756   3              delay(10000);
 757   3            }
 758   2            else
 759   2            {
 760   3              allow_alarm=1;
 761   3              clear_smg();
 762   3              dsbuff[0]=1;
 763   3              delay(10000);
 764   3            }
 765   2          }
 766   1          
 767   1          //è®¾ç½®é—¹é’Ÿ
 768   1          if(key==11)
 769   1          {
 770   2            clear_smg();
 771   2            input_alarm_UI();
 772   2            set_alarm();
 773   2          }
 774   1      
 775   1          //è®¾ç½®æ—¶é—´
 776   1          if(key==12)
 777   1          {
 778   2            clear_smg();
 779   2            input_time_UI();
 780   2            num_input_time();
 781   2          }
 782   1          
 783   1          //è®¾ç½®æ—¥æœŸ
 784   1          if(key==13)
 785   1          {
 786   2            clear_smg();
 787   2            input_date_UI();
 788   2            num_input_date();
 789   2          }
 790   1      
 791   1      }
 792          
 793          
 794          
 795          void main()
 796          {
C51 COMPILER V9.57.0.0   YUAN                                                              01/25/2018 10:25:03 PAGE 14  

 797   1      
 798   1        close_buzz();
 799   1        init_smg();
 800   1        set_time();
 801   1        while(1)
 802   1        {
 803   2          delay(100);
 804   2          get_time();
 805   2          dstime_sfm();
 806   2          key_function();
 807   2          alarm();
 808   2        }
 809   1      }


MODULE INFORMATION:   STATIC OVERLAYABLE
   CODE SIZE        =   2228    ----
   CONSTANT SIZE    =     17    ----
   XDATA SIZE       =   ----    ----
   PDATA SIZE       =   ----    ----
   DATA SIZE        =     50      14
   IDATA SIZE       =   ----    ----
   BIT SIZE         =   ----       1
END OF MODULE INFORMATION.


C51 COMPILATION COMPLETE.  0 WARNING(S),  0 ERROR(S)
