C51 COMPILER V9.57.0.0   EEPROM                                                            01/25/2018 12:22:26 PAGE 1   


C51 COMPILER V9.57.0.0, COMPILATION OF MODULE EEPROM
OBJECT MODULE PLACED IN .\Objects\EEPROM.obj
COMPILER INVOKED BY: D:\keil\C51\BIN\C51.EXE EEPROM.c OPTIMIZE(8,SPEED) BROWSE DEBUG OBJECTEXTEND PRINT(.\Listings\EEPRO
                    -M.lst) TABS(2) OBJECT(.\Objects\EEPROM.obj)

line level    source

   1          #include"iic.h"
   2          #include"EEPROM.h"
   3          
   4          void delay(int n)  
   5          {  
   6   1          char z=110;  
   7   1          while(n--)  
   8   1          for(z=0;z<110;z++);  
   9   1      } 
  10          unsigned char read_eeprom(unsigned char add)
  11          {
  12   1        unsigned char d;
  13   1      IIC_Start();  
  14   1      IIC_SendByte(0xa0); //发送器件地址
  15   1      IIC_WaitAck();
  16   1      IIC_SendByte(add);//发送要操作的地址
  17   1      IIC_WaitAck();
  18   1      IIC_Start();
  19   1      IIC_SendByte(0xa1);//发送读操作
  20   1      IIC_WaitAck();
  21   1      d=IIC_RecByte();//读一字节
  22   1      IIC_Ack(0);
  23   1      IIC_Stop();
  24   1      return d;
  25   1      }
  26          void write_eeprom(unsigned char add,unsigned char d)
  27          {
  28   1        IIC_Start();
  29   1        IIC_SendByte(0xa0);//发送器件地址
  30   1        IIC_WaitAck();
  31   1        IIC_SendByte(add);//发送操作地址
  32   1        IIC_WaitAck();
  33   1        IIC_SendByte(d);//写一字节
  34   1        IIC_WaitAck();
  35   1        IIC_Stop();
  36   1        delay(10); //写好后要延时一会
  37   1      }


MODULE INFORMATION:   STATIC OVERLAYABLE
   CODE SIZE        =    113    ----
   CONSTANT SIZE    =   ----    ----
   XDATA SIZE       =   ----    ----
   PDATA SIZE       =   ----    ----
   DATA SIZE        =   ----       4
   IDATA SIZE       =   ----    ----
   BIT SIZE         =   ----    ----
END OF MODULE INFORMATION.


C51 COMPILATION COMPLETE.  0 WARNING(S),  0 ERROR(S)
